<?xml version="1.0" encoding="UTF-8"?>
<!-- Generated by org.testng.reporters.JUnitReportReporter -->
<testsuite hostname="QT-INBG-LT0746" failures="0" tests="1" name="auto.Logintest" time="3.427" errors="0" timestamp="2022-09-28T17:14:42 IST" skipped="0">
  <testcase classname="auto.Logintest" name="register" time="3.427"/>
  <system-out/>
</testsuite> <!-- auto.Logintest -->
