<?xml version="1.0" encoding="UTF-8"?>
<!-- Generated by org.testng.reporters.JUnitReportReporter -->
<testsuite hostname="QT-INBG-LT0746" failures="0" tests="1" name="auto.Registrationtest" time="8.601" errors="0" timestamp="2022-09-28T17:14:42 IST" skipped="0">
  <testcase classname="auto.Registrationtest" name="register" time="8.601"/>
  <system-out/>
</testsuite> <!-- auto.Registrationtest -->
